<?xml version="1.0" encoding="UTF-8"?>
<!-- Generated by org.testng.reporters.JUnitXMLReporter -->
<testsuite hostname="wangxindeMacBook-Pro.local" name="FunMusicTest" tests="3" failures="1" timestamp="26 Feb 2016 06:03:40 GMT" time="48.438" errors="0">
  <testcase name="loginIn" time="28.004" classname="com.ylss.test.LoginTest"/>
  <testcase name="test" time="5.223" classname="com.ylss.test.SimpleTest"/>
  <testcase name="loginOut" time="12.857" classname="com.ylss.test.LoginTest">
    <failure type="java.lang.AssertionError" message="expected [true] but found [false]">
      <![CDATA[java.lang.AssertionError: expected [true] but found [false]
	at com.ylss.test.LoginTest.loginOut(LoginTest.java:47)
	at java.util.concurrent.ThreadPoolExecutor.runWorker(ThreadPoolExecutor.java:1142)
	at java.util.concurrent.ThreadPoolExecutor$Worker.run(ThreadPoolExecutor.java:617)
	at java.lang.Thread.run(Thread.java:745)
... Removed 16 stack frames]]>
    </failure>
  </testcase> <!-- loginOut -->
</testsuite> <!-- FunMusicTest -->
